O B-destination I-destination I-destination I-destination O O O O B-rideOptionName O
O O O O O O O O O O O O O O O O O O O O
O O O O O O B-place1 O O B-place2 I-place2 I-place2 I-place2 O O O O O O
O O O O O O O O B-restaurant I-restaurant I-restaurant I-restaurant I-restaurant B-partySize O O O O O O O O
O O O O O O O O O O O B-partySize O O O
B-destination I-destination O O O O O O O O
B-place I-place I-place O O O O O O O O O O O O
B-destination I-destination I-destination I-destination O O O O O O O
O B-reservationDatetime I-reservationDatetime I-reservationDatetime O B-restaurant I-restaurant I-restaurant O O O O O O
O B-origin I-origin O O O O O O O O O B-rideOptionName O O
B-location I-location I-location I-location O O O O B-category I-category O O O O
O O O O O O O O O O O B-restaurant I-restaurant O O O O O
O O O O O O O O O O O B-restaurant O O O O O O O O O O O O O O O O O O O
O O B-category I-category I-category I-category O O O O O O O B-specificItemSold I-specificItemSold O
B-contact I-contact O O O O O O O O O O O O O
B-place1 I-place1 O B-place2 I-place2 I-place2 I-place2 O O O O O O O O O O
O O O O O B-transportMode I-transportMode I-transportMode O O O O
O O O O O O O O B-restaurant O O O O O B-partySize O O O O O O O O
O O O O B-restaurant I-restaurant I-restaurant I-restaurant I-restaurant I-restaurant I-restaurant I-restaurant O O O O B-partySize O O O O O O O O O O O O O O O
O B-destination I-destination O O O O O O
O O O O O
O O B-rideOptionName O O O
O O O O O O O O O O O O O
O O O O O O O O O O O
O O O O O O O O B-contact I-contact O O O O O O O
O O O B-destination I-destination I-destination I-destination I-destination O O O B-rideOptionName I-rideOptionName O O
B-place1 I-place1 O O B-place2 I-place2 O O O O O O
B-place1 I-place1 I-place1 O O O O O O O B-place2 I-place2 O O O O O O O O O O
B-origin B-way I-way I-way I-way I-way O B-destination I-destination O O O O O O O O O O O O O
O O O O B-contact I-contact I-contact O O O O O O O O
O O O B-place I-place I-place I-place I-place O O O O O
B-destination I-destination O O O O O
O B-restaurant I-restaurant O B-partySize O O O O O O O O O O O
O O O O B-destination I-destination I-destination O O O
B-place I-place I-place I-place I-place O O O O O O O O O
B-destination I-destination O O O O O B-rideOptionName O O
B-place I-place I-place O O O O O O O O O O O
O O O O B-destination I-destination I-destination I-destination I-destination B-transportMode I-transportMode O O O
B-location I-location O O O O O O O O O O O O O O O O
O O B-partySize O O O O O O B-restaurant I-restaurant I-restaurant I-restaurant I-restaurant O O
B-destination I-destination I-destination I-destination I-destination I-destination O O O O O O O O O O O O
O O O O O O O O O O O O O O B-restaurant O O O O O O
O O O O O O O O O O O O B-destination I-destination I-destination I-destination I-destination O O O O O
O O O O O B-restaurant I-restaurant I-restaurant O O O O B-partySize O O O O O O O O
B-place I-place I-place I-place O O O O O
B-destination I-destination I-destination I-destination I-destination O O O O O O B-rideOptionName O O
B-place1 I-place1 O B-place2 I-place2 O O O O O O O O O O O
B-way I-way I-way O O O O O O
O O O O O O O O O
B-place1 I-place1 I-place1 I-place1 I-place1 O O B-place2 I-place2 I-place2 O O O O O O O
O B-restaurant I-restaurant I-restaurant I-restaurant I-restaurant I-restaurant I-restaurant I-restaurant I-restaurant I-restaurant I-restaurant I-restaurant I-restaurant O O O O O
B-location I-location I-location O O O O B-specificItemSold I-specificItemSold O O O O O O
B-place I-place I-place O O O O O O O O O O
O O O O O O O O O O O O O O O O O
O O O O B-restaurant I-restaurant I-restaurant O O B-partySize O O O O O O O O O O O
O O O B-place I-place I-place O O O O O O O O
B-location I-location I-location I-location I-location O O O O O B-category I-category O O O O O O O O B-specificItemSold O O O O
O O B-contact I-contact I-contact O O O O O O O O O O O
B-location I-location I-location I-location O O O O O O O O O B-specificItemSold I-specificItemSold I-specificItemSold I-specificItemSold I-specificItemSold I-specificItemSold O O O O O
B-contact I-contact I-contact O O O O O O O O O O O O O
O O O O O O O O O B-rideOptionName O O
O O O O O O O B-place I-place O O O O O O O
B-location I-location I-location O O O B-similarTo I-similarTo I-similarTo O O O O O B-category I-category O O O
O O O O O O O O O B-partySize O O O O
O B-place I-place I-place I-place O O O O O O O O
O O O B-place1 I-place1 I-place1 O O B-place2 I-place2 O O O O O O
B-place I-place I-place O O O O O O O O O O O
O B-destination I-destination I-destination I-destination I-destination O O O O O O O O O O
B-place I-place I-place O O O O O O O O
B-contact I-contact I-contact O O O O O O O O O O O O O O O O O O
B-origin I-origin I-origin I-origin I-origin O O B-rideOptionName I-rideOptionName O O
O O O O O O O O O O O O O B-restaurant O O O O O O O O O
B-restaurant I-restaurant I-restaurant B-partySize O O O O O O O O
O O O O O O O O B-similarTo I-similarTo O O O O O O O O O O O O O
B-origin I-origin I-origin I-origin O O B-destination I-destination I-destination O O O O O
O O O O O O O O O O O O O O
B-origin I-origin I-origin O O B-destination I-destination I-destination O O O B-way I-way O O O O O O
O O O O O O O O O O O O O O O
O O O B-timeRange O O O O O O O O O O O O
O O O O O O O O O O O O O O O O O O O O O O O
B-origin I-origin I-origin I-origin I-origin O O B-destination I-destination I-destination O O O O O O O
O B-destination I-destination I-destination O O O O O O O O O O O O O
B-destination I-destination I-destination I-destination I-destination O O O
O O O O B-restaurant I-restaurant O O O O O O O
O O B-place I-place I-place I-place I-place I-place O O O O O
B-origin O O O O O O O O O O B-transportMode I-transportMode O O O B-destination I-destination I-destination I-destination I-destination I-destination I-destination I-destination
O O O O O O O O O O O O O O O
B-location I-location I-location I-location O O O O
O O O O O O O O O O O O O O O O O
B-destination I-destination O O O O B-rideOptionName I-rideOptionName O O O
O O O O O O O O B-restaurant I-restaurant I-restaurant O O O O O O O
O O O O O O O O O O O
O O O O O O O O O
O O O O O O O O
B-restaurant I-restaurant I-restaurant I-restaurant I-restaurant I-restaurant I-restaurant I-restaurant O O B-partySize O O O O O O O O O O O O
O O O O O B-contact I-contact O O O O O O
B-restaurant I-restaurant I-restaurant I-restaurant I-restaurant I-restaurant O B-partySize O O O O O O O O O
O B-location I-location O O
B-contact I-contact I-contact O O O O O O O O
O O O O O O O O O O O O O B-restaurant O B-partySize O O O O O O O O
O B-restaurant I-restaurant O O O O O O O O B-partySize O O O O O O O
O O O O B-destination I-destination I-destination O O O O B-rideOptionName O O
O O O O O O O O B-restaurant I-restaurant I-restaurant I-restaurant O B-partySize O O O O O O O O
B-contact I-contact O O O O O O O O
B-destination I-destination I-destination O O O O O O O
O O O O O O O O O O O O O O O O O O
O O O O O O B-place O O O O O O O O
B-place1 I-place1 I-place1 O B-place2 I-place2 O O O O O O O O O O O O O
B-place I-place I-place O O O O O O O
B-way I-way I-way I-way O O O O O
O O O O O B-name I-name O O O
O B-destination I-destination O O O O O O O O O O
O B-destination O O O O O O
B-restaurant I-restaurant O O O O O O O O B-partySize O O O O O
B-destination I-destination I-destination O O O O O O O O O
B-contact I-contact O O O O O O O O O O O O O
B-timeRange I-timeRange O O O O O O O O O
O O O O O O O O O O O O B-place I-place I-place O O O O O O
O B-destination I-destination I-destination I-destination I-destination O O O O O O O O O O O
O O O O B-location O O O O O O O O O O O O O B-category I-category I-category I-category O
B-origin I-origin I-origin O O B-rideOptionName O O
O O O B-location I-location I-location I-location I-location O O O O O O O
O O O O O O O O B-restaurant I-restaurant I-restaurant I-restaurant O O O O O O O O O O O
O O O O B-contact O O O O O O O
O O O O O O O O O O O O O O O O
B-place1 I-place1 O O B-place2 I-place2 O O O O O O
O O O O O O O O B-partySize O O O O O O O O O
B-restaurant I-restaurant I-restaurant I-restaurant I-restaurant I-restaurant I-restaurant I-restaurant I-restaurant I-restaurant O B-partySize O O O O O O O O O O O
O O O O O O O O O O O O
O O O O O O O O O O O O B-restaurant O O
B-partySize O O O O O B-rideOptionName O O O
B-place I-place I-place I-place I-place O O O O O O O O O
B-location I-location I-location O O O O O O O O O O O O
O O O O O O B-contact I-contact I-contact I-contact O O O O O O O O
B-partySize O O O O O O O O O O O O O
O O O B-restaurant I-restaurant O O O O O O O O O O
B-place I-place O O O O O O O O
O O O B-category I-category I-category O O O O O O O O O
B-contact I-contact I-contact I-contact I-contact I-contact I-contact O O O O O O O O O
O O O O O O O B-restaurant I-restaurant I-restaurant I-restaurant I-restaurant I-restaurant I-restaurant I-restaurant I-restaurant I-restaurant O O O O O O O O O O O O O
B-place1 I-place1 I-place1 I-place1 O O O O O O O O O O O O O O O
B-location I-location O O O O O
B-restaurant I-restaurant I-restaurant O O O O O B-partySize O O O O O O O O O O O O
O O O B-destination I-destination I-destination O O O O O O O
B-contact I-contact I-contact I-contact I-contact O O O O O O
O O O B-location I-location O O O O O O O
O O O B-destination I-destination I-destination I-destination I-destination O O O O O O O O O O O O O O O
O O O B-location O O O O
O O O B-category I-category O O O O O O O B-location I-location I-location I-location I-location I-location I-location O O B-specificItemSold O O O O
B-destination I-destination I-destination O O O O B-rideOptionName O O
O O B-destination I-destination I-destination I-destination O O O O O O O O O
O O O O O O O O O O O O O O
O B-similarTo I-similarTo O O O O O B-category I-category I-category I-category O O O O O O O O B-specificItemSold I-specificItemSold I-specificItemSold I-specificItemSold I-specificItemSold O O O O O
O O O O O B-restaurant I-restaurant I-restaurant O O O O O O
O O B-similarTo I-similarTo I-similarTo O O O O O B-getTopN O O O O O O O B-location I-location O O B-specificItemSold I-specificItemSold O O O O O O
B-place I-place O O O O O O O O
O O O O O O O O O O O O O O O O
B-place I-place I-place I-place O O O O O O O O O O O O
O O O O O O O O O O O O O O O O O O O O O O O O O O
B-place I-place I-place I-place I-place O O O O O O O O O O
O B-destination I-destination O O O O O O
B-destination I-destination O O O O O O O O
B-contact I-contact I-contact I-contact O O O O O O O O
B-location I-location I-location I-location I-location O O O O O O O O O
B-destination I-destination I-destination I-destination O O O O O O
O O O O O O B-location I-location I-location I-location I-location O O O O O O O O
O B-place1 I-place1 O O O O O O O O O O O O O B-place2 I-place2 O O O O O O O O O O O O O O O
O O O O O B-contact I-contact I-contact I-contact I-contact O O O O O O
O B-destination I-destination O O O O O
O B-destination I-destination I-destination O B-transportMode I-transportMode O O O O
O O O O
O O O O O O B-partySize O O O O O O O O O
B-place1 I-place1 O B-place2 I-place2 I-place2 O O O O O O O O
O O O O O O O O O O O O
O O O O O O B-restaurant O O O O O B-partySize O O O O O O O O
O O O O O B-contact O O O O O O
B-origin O O B-destination I-destination O O O O O O O O O O
O O O O O O O O O O B-destination O O
O B-restaurant I-restaurant I-restaurant O O O O O O O O O O O O O O O O O
O B-place I-place I-place I-place I-place I-place O O O O
B-destination I-destination I-destination O O O O O O O O O O
O B-restaurant I-restaurant I-restaurant O O O O O O O O O O O O O O O O O O O
O O O O O O O O O O O O O
O O O O O O B-restaurant I-restaurant O B-partySize O O O O O O O O O O
O O O B-location O O O O O O O O O O
B-contact I-contact O O O O O O O O O O O
B-place I-place I-place I-place O O O O O O O O O O O O O O
O O O O O B-location I-location O O O O O O O O O
B-place I-place I-place O O O O
O O O O O B-place O O O O O
O O O O O O O
O O O O O B-partySize O O O O B-restaurant I-restaurant I-restaurant O O O O O O O O O O
B-place I-place O O O O O
O O B-location I-location I-location I-location O O O O O O
O O O O O O O O O O O O
B-destination O B-transportMode O O O O O
B-way I-way O O O O O O O
O B-origin I-origin I-origin O O B-destination I-destination I-destination O O O O O O
B-destination I-destination I-destination I-destination O O B-origin I-origin I-origin O O O B-rideOptionName O O O
O O O O O B-destination I-destination I-destination I-destination I-destination I-destination O O O
O O O O O O O
B-contact I-contact I-contact I-contact I-contact I-contact O O O O O O O O O
O O O O O O O
B-origin O O B-destination O O O O O O O O O
B-destination O O O O B-rideOptionName O O O B-origin I-origin I-origin I-origin
O O O O O O O O O O O O O O O O O O O
O O O B-place I-place I-place O O O O O O O
O O O O O O O O O
O O O O B-destination O O O O B-rideOptionName O O
O O O O O B-contact I-contact I-contact O O O O O
O B-location I-location I-location O O O O O O B-category I-category O O O O O O B-specificItemSold O O
B-place I-place I-place I-place O O O O O O O
O O O O O B-contact I-contact I-contact I-contact O O
B-place I-place I-place O O O O O O O O O O O O O O
B-place I-place I-place I-place O O O
O O O O O O O B-rideOptionName I-rideOptionName O O O
O O O B-place2 I-place2 I-place2 O O O O O O O O O
O O O O O O O O O O O O O O O O
O B-location I-location I-location O O O O O O O B-getTopN O B-category I-category I-category O
O O O O O O O O O O O O O O O O O O
O O O O O B-contact I-contact I-contact I-contact I-contact I-contact I-contact O O O O O O
B-destination I-destination I-destination O O O O
B-contact I-contact I-contact I-contact O O O O O O O O O O O O O O
O B-location O O O B-getTopN B-category I-category O O O O
O O O O B-destination I-destination I-destination I-destination I-destination O O O O O O O O O
O O O O O O O O B-restaurant I-restaurant I-restaurant O B-partySize O O O O O O O O O O
B-location I-location I-location I-location I-location I-location O O O O O O O
O O O O O B-restaurant I-restaurant O B-partySize O O O O O O O O O O
O B-location I-location I-location I-location O O O O
B-destination I-destination I-destination I-destination I-destination I-destination I-destination I-destination B-transportMode O O O O
B-place I-place I-place I-place O O O O O O O O O
O O O O O O O B-place O O O O O O
O O O O O O O O B-partySize O O O O O B-restaurant I-restaurant I-restaurant O O O O O
B-destination I-destination I-destination O O O O B-rideOptionName I-rideOptionName O O O
B-timeRange I-timeRange I-timeRange I-timeRange I-timeRange I-timeRange O O O O O
O O B-rideOptionName O O
B-partySize O O O O O O O O
B-place I-place I-place I-place O O O O O O O O
B-place I-place I-place O O O O O O O O O
O B-destination I-destination I-destination I-destination O O O O O O O
B-contact I-contact O O O O O O O O O O O
B-place1 I-place1 I-place1 I-place1 I-place1 O B-place2 I-place2 I-place2 O O O O O O O O O
O O O O O O O O B-restaurant I-restaurant I-restaurant I-restaurant I-restaurant I-restaurant I-restaurant I-restaurant B-partySize O O O O O O O O
O O B-destination I-destination I-destination I-destination I-destination I-destination O O O O O O
O O B-rideOptionName O O
O O O O O O O O O O O O O O O O O
O O O O O O O O O
B-location I-location I-location I-location O O O O O O O O O O O O O O O O O O O O O
O O O O O O O O B-restaurant I-restaurant O O O O O
O O O O O O O B-restaurant I-restaurant I-restaurant I-restaurant I-restaurant I-restaurant I-restaurant I-restaurant I-restaurant I-restaurant I-restaurant O O O O O O
B-restaurant I-restaurant I-restaurant I-restaurant I-restaurant I-restaurant I-restaurant O B-partySize O O O O O O O O O O
B-location I-location I-location I-location I-location O O O O O O O O O B-category O O O O O O O O O O O O O O
O O O O O O O B-category O O O O O O B-specificItemSold I-specificItemSold O O O O
O O O O O O O O O O O O O O O O
O O O O O O O B-restaurant I-restaurant I-restaurant I-restaurant I-restaurant I-restaurant I-restaurant I-restaurant I-restaurant O O O O O O O O O
O O O O O O O O O O O
B-place1 I-place1 O O B-place2 I-place2 O O O O O O
O B-partySize O O O O O O O B-rideOptionName O O B-destination I-destination I-destination I-destination I-destination I-destination I-destination I-destination O O O O O
B-place I-place O O O O B-specificItemSold I-specificItemSold I-specificItemSold I-specificItemSold O O O O O O
B-location O O O O B-category O O O O O
B-destination O O O O O O O O O
O B-location O O O O O B-category I-category I-category I-category I-category I-category I-category O O O O
